<?xml version="1.0" encoding="UTF-8"?>
<!-- Generated by org.testng.reporters.JUnitXMLReporter -->
<testsuite ignored="0" hostname="Chaitanya" failures="0" tests="3" name="Default test" time="0.082" errors="0" timestamp="2024-06-25T18:33:28 IST">
  <testcase classname="org.testngReports.TestNgDenoReports" name="Report_test1" time="0.02"/>
  <testcase classname="org.testngReports.TestNgDenoReports" name="Report_test2" time="0.001"/>
  <testcase classname="org.testngReports.TestNgDenoReports" name="Report_test3" time="0.001"/>
</testsuite> <!-- Default test -->
